WARNING:apscheduler.executors.default:Run time of job "snap (trigger: date[2017-09-29 09:30:00 EDT], next run at: 2017-09-29 09:30:00 EDT)" was missed by 3:22:54.202199
WARNING:apscheduler.executors.default:Run time of job "snap (trigger: date[2017-09-29 09:35:00 EDT], next run at: 2017-09-29 09:35:00 EDT)" was missed by 3:17:54.203025
WARNING:apscheduler.executors.default:Run time of job "snap (trigger: date[2017-09-29 09:40:00 EDT], next run at: 2017-09-29 09:40:00 EDT)" was missed by 3:12:54.203555
WARNING:apscheduler.executors.default:Run time of job "snap (trigger: date[2017-09-29 09:45:00 EDT], next run at: 2017-09-29 09:45:00 EDT)" was missed by 3:07:54.204005
WARNING:apscheduler.executors.default:Run time of job "snap (trigger: date[2017-09-29 09:50:00 EDT], next run at: 2017-09-29 09:50:00 EDT)" was missed by 3:02:54.204444
WARNING:apscheduler.executors.default:Run time of job "snap (trigger: date[2017-09-29 09:55:00 EDT], next run at: 2017-09-29 09:55:00 EDT)" was missed by 2:57:54.204923
WARNING:apscheduler.executors.default:Run time of job "snap (trigger: date[2017-09-29 10:00:00 EDT], next run at: 2017-09-29 10:00:00 EDT)" was missed by 2:52:54.205370
WARNING:apscheduler.executors.default:Run time of job "snap (trigger: date[2017-09-29 10:05:00 EDT], next run at: 2017-09-29 10:05:00 EDT)" was missed by 2:47:54.205864
WARNING:apscheduler.executors.default:Run time of job "snap (trigger: date[2017-09-29 10:10:00 EDT], next run at: 2017-09-29 10:10:00 EDT)" was missed by 2:42:54.206294
WARNING:apscheduler.executors.default:Run time of job "snap (trigger: date[2017-09-29 10:15:00 EDT], next run at: 2017-09-29 10:15:00 EDT)" was missed by 2:37:54.207781
WARNING:apscheduler.executors.default:Run time of job "snap (trigger: date[2017-09-29 10:20:00 EDT], next run at: 2017-09-29 10:20:00 EDT)" was missed by 2:32:54.207987
WARNING:apscheduler.executors.default:Run time of job "snap (trigger: date[2017-09-29 10:25:00 EDT], next run at: 2017-09-29 10:25:00 EDT)" was missed by 2:27:54.208162
WARNING:apscheduler.executors.default:Run time of job "snap (trigger: date[2017-09-29 10:30:00 EDT], next run at: 2017-09-29 10:30:00 EDT)" was missed by 2:22:54.208333
WARNING:apscheduler.executors.default:Run time of job "snap (trigger: date[2017-09-29 10:35:00 EDT], next run at: 2017-09-29 10:35:00 EDT)" was missed by 2:17:54.208497
WARNING:apscheduler.executors.default:Run time of job "snap (trigger: date[2017-09-29 10:40:00 EDT], next run at: 2017-09-29 10:40:00 EDT)" was missed by 2:12:54.208659
WARNING:apscheduler.executors.default:Run time of job "snap (trigger: date[2017-09-29 10:45:00 EDT], next run at: 2017-09-29 10:45:00 EDT)" was missed by 2:07:54.208819
WARNING:apscheduler.executors.default:Run time of job "snap (trigger: date[2017-09-29 10:50:00 EDT], next run at: 2017-09-29 10:50:00 EDT)" was missed by 2:02:54.208974
WARNING:apscheduler.executors.default:Run time of job "snap (trigger: date[2017-09-29 10:55:00 EDT], next run at: 2017-09-29 10:55:00 EDT)" was missed by 1:57:54.209128
WARNING:apscheduler.executors.default:Run time of job "snap (trigger: date[2017-09-29 11:00:00 EDT], next run at: 2017-09-29 11:00:00 EDT)" was missed by 1:52:54.209280
WARNING:apscheduler.executors.default:Run time of job "snap (trigger: date[2017-09-29 11:05:00 EDT], next run at: 2017-09-29 11:05:00 EDT)" was missed by 1:47:54.209458
WARNING:apscheduler.executors.default:Run time of job "snap (trigger: date[2017-09-29 11:40:00 EDT], next run at: 2017-09-29 11:40:00 EDT)" was missed by 1:12:54.214996
WARNING:apscheduler.executors.default:Run time of job "snap (trigger: date[2017-09-29 11:45:00 EDT], next run at: 2017-09-29 11:45:00 EDT)" was missed by 1:07:54.215189
WARNING:apscheduler.executors.default:Run time of job "snap (trigger: date[2017-09-29 11:50:00 EDT], next run at: 2017-09-29 11:50:00 EDT)" was missed by 1:02:54.215365
WARNING:apscheduler.executors.default:Run time of job "snap (trigger: date[2017-09-29 11:55:00 EDT], next run at: 2017-09-29 11:55:00 EDT)" was missed by 0:57:54.215575
WARNING:apscheduler.executors.default:Run time of job "snap (trigger: date[2017-09-29 12:00:00 EDT], next run at: 2017-09-29 12:00:00 EDT)" was missed by 0:52:54.215743
WARNING:apscheduler.executors.default:Run time of job "snap (trigger: date[2017-09-29 12:05:00 EDT], next run at: 2017-09-29 12:05:00 EDT)" was missed by 0:47:54.215949
WARNING:apscheduler.executors.default:Run time of job "snap (trigger: date[2017-09-29 12:10:00 EDT], next run at: 2017-09-29 12:10:00 EDT)" was missed by 0:42:54.216114
WARNING:apscheduler.executors.default:Run time of job "snap (trigger: date[2017-09-29 11:10:00 EDT], next run at: 2017-09-29 11:10:00 EDT)" was missed by 1:42:54.209550
WARNING:apscheduler.executors.default:Run time of job "snap (trigger: date[2017-09-29 11:35:00 EDT], next run at: 2017-09-29 11:35:00 EDT)" was missed by 1:17:54.214180
WARNING:apscheduler.executors.default:Run time of job "snap (trigger: date[2017-09-29 11:30:00 EDT], next run at: 2017-09-29 11:30:00 EDT)" was missed by 1:22:54.214104
WARNING:apscheduler.executors.default:Run time of job "snap (trigger: date[2017-09-29 11:20:00 EDT], next run at: 2017-09-29 11:20:00 EDT)" was missed by 1:32:54.213910
WARNING:apscheduler.executors.default:Run time of job "snap (trigger: date[2017-09-29 11:15:00 EDT], next run at: 2017-09-29 11:15:00 EDT)" was missed by 1:37:54.213816
WARNING:apscheduler.executors.default:Run time of job "snap (trigger: date[2017-09-29 11:25:00 EDT], next run at: 2017-09-29 11:25:00 EDT)" was missed by 1:27:54.214003
WARNING:apscheduler.executors.default:Run time of job "snap (trigger: date[2017-09-29 12:15:00 EDT], next run at: 2017-09-29 12:15:00 EDT)" was missed by 0:37:54.268010
WARNING:apscheduler.executors.default:Run time of job "snap (trigger: date[2017-09-29 12:20:00 EDT], next run at: 2017-09-29 12:20:00 EDT)" was missed by 0:32:54.269362
WARNING:apscheduler.executors.default:Run time of job "snap (trigger: date[2017-09-29 12:25:00 EDT], next run at: 2017-09-29 12:25:00 EDT)" was missed by 0:27:54.269546
WARNING:apscheduler.executors.default:Run time of job "snap (trigger: date[2017-09-29 12:30:00 EDT], next run at: 2017-09-29 12:30:00 EDT)" was missed by 0:22:54.270647
WARNING:apscheduler.executors.default:Run time of job "snap (trigger: date[2017-09-29 12:35:00 EDT], next run at: 2017-09-29 12:35:00 EDT)" was missed by 0:17:54.270824
WARNING:apscheduler.executors.default:Run time of job "snap (trigger: date[2017-09-29 12:40:00 EDT], next run at: 2017-09-29 12:40:00 EDT)" was missed by 0:12:54.271946
WARNING:apscheduler.executors.default:Run time of job "snap (trigger: date[2017-09-29 12:45:00 EDT], next run at: 2017-09-29 12:45:00 EDT)" was missed by 0:07:54.272124
WARNING:apscheduler.executors.default:Run time of job "snap (trigger: date[2017-09-29 12:50:00 EDT], next run at: 2017-09-29 12:50:00 EDT)" was missed by 0:02:54.273291
Begin saving stocks...
('Planning day for ', datetime.datetime(2017, 9, 29, 12, 52, 54, 193857))
/usr/local/lib/python2.7/dist-packages/requests/packages/urllib3/util/ssl_.py:334: SNIMissingWarning: An HTTPS request has been made, but the SNI (Subject Name Indication) extension to TLS is not available on this platform. This may cause the server to present an incorrect TLS certificate, which can cause validation failures. You can upgrade to a newer version of Python to solve this. For more information, see https://urllib3.readthedocs.io/en/latest/advanced-usage.html#ssl-warnings
  SNIMissingWarning
/usr/local/lib/python2.7/dist-packages/requests/packages/urllib3/util/ssl_.py:132: InsecurePlatformWarning: A true SSLContext object is not available. This prevents urllib3 from configuring SSL appropriately and may cause certain SSL connections to fail. You can upgrade to a newer version of Python to solve this. For more information, see https://urllib3.readthedocs.io/en/latest/advanced-usage.html#ssl-warnings
  InsecurePlatformWarning
/usr/local/lib/python2.7/dist-packages/requests/packages/urllib3/util/ssl_.py:132: InsecurePlatformWarning: A true SSLContext object is not available. This prevents urllib3 from configuring SSL appropriately and may cause certain SSL connections to fail. You can upgrade to a newer version of Python to solve this. For more information, see https://urllib3.readthedocs.io/en/latest/advanced-usage.html#ssl-warnings
  InsecurePlatformWarning
/usr/local/lib/python2.7/dist-packages/requests/packages/urllib3/util/ssl_.py:132: InsecurePlatformWarning: A true SSLContext object is not available. This prevents urllib3 from configuring SSL appropriately and may cause certain SSL connections to fail. You can upgrade to a newer version of Python to solve this. For more information, see https://urllib3.readthedocs.io/en/latest/advanced-usage.html#ssl-warnings
  InsecurePlatformWarning
/usr/local/lib/python2.7/dist-packages/requests/packages/urllib3/util/ssl_.py:132: InsecurePlatformWarning: A true SSLContext object is not available. This prevents urllib3 from configuring SSL appropriately and may cause certain SSL connections to fail. You can upgrade to a newer version of Python to solve this. For more information, see https://urllib3.readthedocs.io/en/latest/advanced-usage.html#ssl-warnings
  InsecurePlatformWarning
